<?xml version="1.0" encoding="UTF-8"?>
<!-- Generated by org.testng.reporters.JUnitReportReporter -->
<testsuite skipped="0" hostname="DESKTOP-6U2ELF0" name="orange.HRM.TestCases.VerifyOrangeHRM" tests="1" failures="0" timestamp="2021-11-02T12:37:16 IST" time="180.657" errors="0">
  <testcase name="VerifyOrangeHRMSearch" time="180.657" classname="orange.HRM.TestCases.VerifyOrangeHRM"/>
  <system-out/>
</testsuite> <!-- orange.HRM.TestCases.VerifyOrangeHRM -->
