<?xml version="1.0" encoding="UTF-8"?>
<!-- Generated by org.testng.reporters.JUnitReportReporter -->
<testsuite skipped="0" hostname="DESKTOP-6U2ELF0" name="orange.HRM.TestCases.VerifyOrangeHRM" tests="1" failures="0" timestamp="2021-08-26T20:21:06 IST" time="105.770" errors="0">
  <testcase name="VerifyOrangeHRMSearch" time="105.770" classname="orange.HRM.TestCases.VerifyOrangeHRM"/>
  <system-out/>
</testsuite> <!-- orange.HRM.TestCases.VerifyOrangeHRM -->
